<?xml version="1.0" encoding="UTF-8"?>
<testng-results ignored="0" total="1" passed="1" failed="0" skipped="0">
  <reporter-output>
  </reporter-output>
  <suite started-at="2024-05-21T17:50:21 IST" name="Default suite" finished-at="2024-05-21T17:50:31 IST" duration-ms="9259">
    <groups>
    </groups>
    <test started-at="2024-05-21T17:50:21 IST" name="Default test" finished-at="2024-05-21T17:50:31 IST" duration-ms="9259">
      <class name="task24.LoginTest">
        <test-method is-config="true" signature="startreport()[pri:0, instance:task24.LoginTest@198b6731]" started-at="2024-05-21T17:50:21 IST" name="startreport" finished-at="2024-05-21T17:50:21 IST" duration-ms="394" status="PASS">
          <reporter-output>
          </reporter-output>
        </test-method> <!-- startreport -->
        <test-method is-config="true" signature="setdata()[pri:0, instance:task24.LoginTest@198b6731]" started-at="2024-05-21T17:50:21 IST" name="setdata" finished-at="2024-05-21T17:50:21 IST" duration-ms="2" status="PASS">
          <reporter-output>
          </reporter-output>
        </test-method> <!-- setdata -->
        <test-method is-config="true" signature="createtest()[pri:0, instance:task24.LoginTest@198b6731]" started-at="2024-05-21T17:50:21 IST" name="createtest" finished-at="2024-05-21T17:50:22 IST" duration-ms="12" status="PASS">
          <reporter-output>
          </reporter-output>
        </test-method> <!-- createtest -->
        <test-method is-config="true" signature="launchbrowser()[pri:0, instance:task24.LoginTest@198b6731]" started-at="2024-05-21T17:50:22 IST" name="launchbrowser" finished-at="2024-05-21T17:50:29 IST" duration-ms="7641" status="PASS">
          <reporter-output>
          </reporter-output>
        </test-method> <!-- launchbrowser -->
        <test-method signature="loginexecute()[pri:0, instance:task24.LoginTest@198b6731]" started-at="2024-05-21T17:50:29 IST" name="loginexecute" finished-at="2024-05-21T17:50:30 IST" duration-ms="941" status="PASS">
          <reporter-output>
          </reporter-output>
        </test-method> <!-- loginexecute -->
        <test-method is-config="true" signature="closebrowser()[pri:0, instance:task24.LoginTest@198b6731]" started-at="2024-05-21T17:50:30 IST" name="closebrowser" finished-at="2024-05-21T17:50:31 IST" duration-ms="603" status="PASS">
          <reporter-output>
          </reporter-output>
        </test-method> <!-- closebrowser -->
        <test-method is-config="true" signature="endReport()[pri:0, instance:task24.LoginTest@198b6731]" started-at="2024-05-21T17:50:31 IST" name="endReport" finished-at="2024-05-21T17:50:31 IST" duration-ms="441" status="PASS">
          <reporter-output>
          </reporter-output>
        </test-method> <!-- endReport -->
      </class> <!-- task24.LoginTest -->
    </test> <!-- Default test -->
  </suite> <!-- Default suite -->
</testng-results>
